<?xml version="1.0" encoding="UTF-8"?>
<testsuite name="com.ob1ju4n.rsad.SpringCoreFundamentalsApplicationTests" tests="1" skipped="0" failures="0" errors="0" timestamp="2016-08-05T02:23:58" hostname="PORT_OBIJUAN" time="0.012">
  <properties/>
  <testcase name="contextLoads" classname="com.ob1ju4n.rsad.SpringCoreFundamentalsApplicationTests" time="0.012"/>
  <system-out><![CDATA[21:23:55.941 [Test worker] DEBUG org.springframework.test.context.junit4.SpringJUnit4ClassRunner - SpringJUnit4ClassRunner constructor called with [class com.ob1ju4n.rsad.SpringCoreFundamentalsApplicationTests]
21:23:55.945 [Test worker] DEBUG org.springframework.test.context.BootstrapUtils - Instantiating CacheAwareContextLoaderDelegate from class [org.springframework.test.context.cache.DefaultCacheAwareContextLoaderDelegate]
21:23:55.952 [Test worker] DEBUG org.springframework.test.context.BootstrapUtils - Instantiating BootstrapContext using constructor [public org.springframework.test.context.support.DefaultBootstrapContext(java.lang.Class,org.springframework.test.context.CacheAwareContextLoaderDelegate)]
21:23:55.965 [Test worker] DEBUG org.springframework.test.context.BootstrapUtils - Instantiating TestContextBootstrapper for test class [com.ob1ju4n.rsad.SpringCoreFundamentalsApplicationTests] from class [org.springframework.boot.test.context.SpringBootTestContextBootstrapper]
21:23:55.977 [Test worker] INFO org.springframework.boot.test.context.SpringBootTestContextBootstrapper - Neither @ContextConfiguration nor @ContextHierarchy found for test class [com.ob1ju4n.rsad.SpringCoreFundamentalsApplicationTests], using SpringBootContextLoader
21:23:55.980 [Test worker] DEBUG org.springframework.test.context.support.AbstractContextLoader - Did not detect default resource location for test class [com.ob1ju4n.rsad.SpringCoreFundamentalsApplicationTests]: class path resource [com/ob1ju4n/rsad/SpringCoreFundamentalsApplicationTests-context.xml] does not exist
21:23:55.981 [Test worker] DEBUG org.springframework.test.context.support.AbstractContextLoader - Did not detect default resource location for test class [com.ob1ju4n.rsad.SpringCoreFundamentalsApplicationTests]: class path resource [com/ob1ju4n/rsad/SpringCoreFundamentalsApplicationTestsContext.groovy] does not exist
21:23:55.981 [Test worker] INFO org.springframework.test.context.support.AbstractContextLoader - Could not detect default resource locations for test class [com.ob1ju4n.rsad.SpringCoreFundamentalsApplicationTests]: no resource found for suffixes {-context.xml, Context.groovy}.
21:23:55.982 [Test worker] INFO org.springframework.test.context.support.AnnotationConfigContextLoaderUtils - Could not detect default configuration classes for test class [com.ob1ju4n.rsad.SpringCoreFundamentalsApplicationTests]: SpringCoreFundamentalsApplicationTests does not declare any static, non-private, non-final, nested classes annotated with @Configuration.
21:23:56.012 [Test worker] DEBUG org.springframework.test.context.support.ActiveProfilesUtils - Could not find an 'annotation declaring class' for annotation type [org.springframework.test.context.ActiveProfiles] and class [com.ob1ju4n.rsad.SpringCoreFundamentalsApplicationTests]
21:23:56.048 [Test worker] DEBUG org.springframework.core.env.StandardEnvironment - Adding [systemProperties] PropertySource with lowest search precedence
21:23:56.049 [Test worker] DEBUG org.springframework.core.env.StandardEnvironment - Adding [systemEnvironment] PropertySource with lowest search precedence
21:23:56.049 [Test worker] DEBUG org.springframework.core.env.StandardEnvironment - Initialized StandardEnvironment with PropertySources [systemProperties,systemEnvironment]
21:23:56.057 [Test worker] DEBUG org.springframework.core.io.support.PathMatchingResourcePatternResolver - Resolved classpath location [com/ob1ju4n/rsad/] to resources [URL [file:/C:/Desarrollo/Projects/GIT/Personal/spring-boot-intro/excercises/excerciseSection4/build/classes/test/com/ob1ju4n/rsad/], URL [file:/C:/Desarrollo/Projects/GIT/Personal/spring-boot-intro/excercises/excerciseSection4/build/classes/main/com/ob1ju4n/rsad/]]
21:23:56.058 [Test worker] DEBUG org.springframework.core.io.support.PathMatchingResourcePatternResolver - Looking for matching resources in directory tree [C:\Desarrollo\Projects\GIT\Personal\spring-boot-intro\excercises\excerciseSection4\build\classes\test\com\ob1ju4n\rsad]
21:23:56.058 [Test worker] DEBUG org.springframework.core.io.support.PathMatchingResourcePatternResolver - Searching directory [C:\Desarrollo\Projects\GIT\Personal\spring-boot-intro\excercises\excerciseSection4\build\classes\test\com\ob1ju4n\rsad] for files matching pattern [C:/Desarrollo/Projects/GIT/Personal/spring-boot-intro/excercises/excerciseSection4/build/classes/test/com/ob1ju4n/rsad/*.class]
21:23:56.061 [Test worker] DEBUG org.springframework.core.io.support.PathMatchingResourcePatternResolver - Looking for matching resources in directory tree [C:\Desarrollo\Projects\GIT\Personal\spring-boot-intro\excercises\excerciseSection4\build\classes\main\com\ob1ju4n\rsad]
21:23:56.061 [Test worker] DEBUG org.springframework.core.io.support.PathMatchingResourcePatternResolver - Searching directory [C:\Desarrollo\Projects\GIT\Personal\spring-boot-intro\excercises\excerciseSection4\build\classes\main\com\ob1ju4n\rsad] for files matching pattern [C:/Desarrollo/Projects/GIT/Personal/spring-boot-intro/excercises/excerciseSection4/build/classes/main/com/ob1ju4n/rsad/*.class]
21:23:56.062 [Test worker] DEBUG org.springframework.core.io.support.PathMatchingResourcePatternResolver - Resolved location pattern [classpath*:com/ob1ju4n/rsad/*.class] to resources [file [C:\Desarrollo\Projects\GIT\Personal\spring-boot-intro\excercises\excerciseSection4\build\classes\test\com\ob1ju4n\rsad\SpringCoreFundamentalsApplicationTests.class], file [C:\Desarrollo\Projects\GIT\Personal\spring-boot-intro\excercises\excerciseSection4\build\classes\main\com\ob1ju4n\rsad\MyAppConfig.class], file [C:\Desarrollo\Projects\GIT\Personal\spring-boot-intro\excercises\excerciseSection4\build\classes\main\com\ob1ju4n\rsad\SpringCoreFundamentalsApplication.class]]
21:23:56.104 [Test worker] DEBUG org.springframework.context.annotation.ClassPathScanningCandidateComponentProvider - Identified candidate component class: file [C:\Desarrollo\Projects\GIT\Personal\spring-boot-intro\excercises\excerciseSection4\build\classes\main\com\ob1ju4n\rsad\SpringCoreFundamentalsApplication.class]
21:23:56.105 [Test worker] INFO org.springframework.boot.test.context.SpringBootTestContextBootstrapper - Found @SpringBootConfiguration com.ob1ju4n.rsad.SpringCoreFundamentalsApplication for test class com.ob1ju4n.rsad.SpringCoreFundamentalsApplicationTests
21:23:56.108 [Test worker] DEBUG org.springframework.boot.test.context.SpringBootTestContextBootstrapper - @TestExecutionListeners is not present for class [com.ob1ju4n.rsad.SpringCoreFundamentalsApplicationTests]: using defaults.
21:23:56.111 [Test worker] INFO org.springframework.boot.test.context.SpringBootTestContextBootstrapper - Loaded default TestExecutionListener class names from location [META-INF/spring.factories]: [org.springframework.boot.test.mock.mockito.MockitoTestExecutionListener, org.springframework.boot.test.mock.mockito.ResetMocksTestExecutionListener, org.springframework.boot.test.autoconfigure.AutoConfigureReportTestExecutionListener, org.springframework.boot.test.autoconfigure.restdocs.RestDocsTestExecutionListener, org.springframework.boot.test.autoconfigure.web.client.MockRestServiceServerResetTestExecutionListener, org.springframework.test.context.web.ServletTestExecutionListener, org.springframework.test.context.support.DirtiesContextBeforeModesTestExecutionListener, org.springframework.test.context.support.DependencyInjectionTestExecutionListener, org.springframework.test.context.support.DirtiesContextTestExecutionListener, org.springframework.test.context.transaction.TransactionalTestExecutionListener, org.springframework.test.context.jdbc.SqlScriptsTestExecutionListener]
21:23:56.118 [Test worker] INFO org.springframework.boot.test.context.SpringBootTestContextBootstrapper - Could not instantiate TestExecutionListener [org.springframework.test.context.transaction.TransactionalTestExecutionListener]. Specify custom listener classes or make the default listener classes (and their required dependencies) available. Offending class: [org/springframework/transaction/interceptor/TransactionAttributeSource]
21:23:56.119 [Test worker] INFO org.springframework.boot.test.context.SpringBootTestContextBootstrapper - Could not instantiate TestExecutionListener [org.springframework.test.context.jdbc.SqlScriptsTestExecutionListener]. Specify custom listener classes or make the default listener classes (and their required dependencies) available. Offending class: [org/springframework/transaction/interceptor/TransactionAttribute]
21:23:56.119 [Test worker] INFO org.springframework.boot.test.context.SpringBootTestContextBootstrapper - Using TestExecutionListeners: [org.springframework.test.context.web.ServletTestExecutionListener@cd38f66, org.springframework.test.context.support.DirtiesContextBeforeModesTestExecutionListener@e08061, org.springframework.boot.test.autoconfigure.AutoConfigureReportTestExecutionListener@26a4b614, org.springframework.test.context.support.DependencyInjectionTestExecutionListener@256dbab3, org.springframework.test.context.support.DirtiesContextTestExecutionListener@3555b9c7, org.springframework.boot.test.autoconfigure.web.client.MockRestServiceServerResetTestExecutionListener@3132d484, org.springframework.boot.test.mock.mockito.ResetMocksTestExecutionListener@3225c0a0, org.springframework.boot.test.autoconfigure.restdocs.RestDocsTestExecutionListener@7a554c75, org.springframework.boot.test.mock.mockito.MockitoTestExecutionListener@62565979]
21:23:56.122 [Test worker] DEBUG org.springframework.test.annotation.ProfileValueUtils - Retrieved @ProfileValueSourceConfiguration [null] for test class [com.ob1ju4n.rsad.SpringCoreFundamentalsApplicationTests]
21:23:56.122 [Test worker] DEBUG org.springframework.test.annotation.ProfileValueUtils - Retrieved ProfileValueSource type [class org.springframework.test.annotation.SystemProfileValueSource] for class [com.ob1ju4n.rsad.SpringCoreFundamentalsApplicationTests]
21:23:56.123 [Test worker] DEBUG org.springframework.test.annotation.ProfileValueUtils - Retrieved @ProfileValueSourceConfiguration [null] for test class [com.ob1ju4n.rsad.SpringCoreFundamentalsApplicationTests]
21:23:56.123 [Test worker] DEBUG org.springframework.test.annotation.ProfileValueUtils - Retrieved ProfileValueSource type [class org.springframework.test.annotation.SystemProfileValueSource] for class [com.ob1ju4n.rsad.SpringCoreFundamentalsApplicationTests]
21:23:56.127 [Test worker] DEBUG org.springframework.test.context.support.AbstractDirtiesContextTestExecutionListener - Before test class: context [DefaultTestContext@f81369d testClass = SpringCoreFundamentalsApplicationTests, testInstance = [null], testMethod = [null], testException = [null], mergedContextConfiguration = [WebMergedContextConfiguration@71b33d9d testClass = SpringCoreFundamentalsApplicationTests, locations = '{}', classes = '{class com.ob1ju4n.rsad.SpringCoreFundamentalsApplication}', contextInitializerClasses = '[]', activeProfiles = '{}', propertySourceLocations = '{}', propertySourceProperties = '{org.springframework.boot.test.context.SpringBootTestContextBootstrapper=true}', contextCustomizers = set[org.springframework.boot.test.context.SpringBootTestContextCustomizer@510518b2, org.springframework.boot.test.context.filter.ExcludeFilterContextCustomizer@41a87fd9, org.springframework.boot.test.mock.mockito.MockitoContextCustomizer@0, org.springframework.boot.test.autoconfigure.properties.PropertyMappingContextCustomizer@0], resourceBasePath = 'src/main/webapp', contextLoader = 'org.springframework.boot.test.context.SpringBootContextLoader', parent = [null]]], class annotated with @DirtiesContext [false] with mode [null].
21:23:56.128 [Test worker] DEBUG org.springframework.test.annotation.ProfileValueUtils - Retrieved @ProfileValueSourceConfiguration [null] for test class [com.ob1ju4n.rsad.SpringCoreFundamentalsApplicationTests]
21:23:56.128 [Test worker] DEBUG org.springframework.test.annotation.ProfileValueUtils - Retrieved ProfileValueSource type [class org.springframework.test.annotation.SystemProfileValueSource] for class [com.ob1ju4n.rsad.SpringCoreFundamentalsApplicationTests]
21:23:56.162 [Test worker] DEBUG org.springframework.core.env.StandardEnvironment - Adding [systemProperties] PropertySource with lowest search precedence
21:23:56.163 [Test worker] DEBUG org.springframework.core.env.StandardEnvironment - Adding [systemEnvironment] PropertySource with lowest search precedence
21:23:56.163 [Test worker] DEBUG org.springframework.core.env.StandardEnvironment - Initialized StandardEnvironment with PropertySources [systemProperties,systemEnvironment]
21:23:56.164 [Test worker] DEBUG org.springframework.test.context.support.TestPropertySourceUtils - Adding inlined properties to environment: {spring.jmx.enabled=false, org.springframework.boot.test.context.SpringBootTestContextBootstrapper=true, server.port=-1}
21:23:56.164 [Test worker] DEBUG org.springframework.core.env.StandardEnvironment - Adding [Inlined Test Properties] PropertySource with highest search precedence

  .   ____          _            __ _ _
 /\\ / ___'_ __ _ _(_)_ __  __ _ \ \ \ \
( ( )\___ | '_ | '_| | '_ \/ _` | \ \ \ \
 \\/  ___)| |_)| | | | | || (_| |  ) ) ) )
  '  |____| .__|_| |_|_| |_\__, | / / / /
 =========|_|==============|___/=/_/_/_/
 :: Spring Boot ::        (v1.4.0.RELEASE)

2016-08-04 21:23:56.576  INFO 412 --- [    Test worker] r.SpringCoreFundamentalsApplicationTests : Starting SpringCoreFundamentalsApplicationTests on PORT_OBIJUAN with PID 412 (started by Juan in C:\Desarrollo\Projects\GIT\Personal\spring-boot-intro\excercises\excerciseSection4)
2016-08-04 21:23:56.577  INFO 412 --- [    Test worker] r.SpringCoreFundamentalsApplicationTests : No active profile set, falling back to default profiles: default
2016-08-04 21:23:56.611  INFO 412 --- [    Test worker] o.s.w.c.s.GenericWebApplicationContext   : Refreshing org.springframework.web.context.support.GenericWebApplicationContext@5c37349c: startup date [Thu Aug 04 21:23:56 COT 2016]; root of context hierarchy
2016-08-04 21:23:58.117  INFO 412 --- [    Test worker] s.w.s.m.m.a.RequestMappingHandlerAdapter : Looking for @ControllerAdvice: org.springframework.web.context.support.GenericWebApplicationContext@5c37349c: startup date [Thu Aug 04 21:23:56 COT 2016]; root of context hierarchy
2016-08-04 21:23:58.174  INFO 412 --- [    Test worker] s.w.s.m.m.a.RequestMappingHandlerMapping : Mapped "{[/funds]}" onto public java.lang.String com.ob1ju4n.rsad.controller.HomeController.showFunds()
2016-08-04 21:23:58.175  INFO 412 --- [    Test worker] s.w.s.m.m.a.RequestMappingHandlerMapping : Mapped "{[/user]}" onto public java.lang.String com.ob1ju4n.rsad.controller.HomeController.currentUser()
2016-08-04 21:23:58.175  INFO 412 --- [    Test worker] s.w.s.m.m.a.RequestMappingHandlerMapping : Mapped "{[/]}" onto public java.lang.String com.ob1ju4n.rsad.controller.HomeController.home()
2016-08-04 21:23:58.176  INFO 412 --- [    Test worker] s.w.s.m.m.a.RequestMappingHandlerMapping : Mapped "{[/error]}" onto public org.springframework.http.ResponseEntity<java.util.Map<java.lang.String, java.lang.Object>> org.springframework.boot.autoconfigure.web.BasicErrorController.error(javax.servlet.http.HttpServletRequest)
2016-08-04 21:23:58.177  INFO 412 --- [    Test worker] s.w.s.m.m.a.RequestMappingHandlerMapping : Mapped "{[/error],produces=[text/html]}" onto public org.springframework.web.servlet.ModelAndView org.springframework.boot.autoconfigure.web.BasicErrorController.errorHtml(javax.servlet.http.HttpServletRequest,javax.servlet.http.HttpServletResponse)
2016-08-04 21:23:58.205  INFO 412 --- [    Test worker] o.s.w.s.handler.SimpleUrlHandlerMapping  : Mapped URL path [/webjars/**] onto handler of type [class org.springframework.web.servlet.resource.ResourceHttpRequestHandler]
2016-08-04 21:23:58.205  INFO 412 --- [    Test worker] o.s.w.s.handler.SimpleUrlHandlerMapping  : Mapped URL path [/**] onto handler of type [class org.springframework.web.servlet.resource.ResourceHttpRequestHandler]
2016-08-04 21:23:58.245  INFO 412 --- [    Test worker] o.s.w.s.handler.SimpleUrlHandlerMapping  : Mapped URL path [/**/favicon.ico] onto handler of type [class org.springframework.web.servlet.resource.ResourceHttpRequestHandler]
2016-08-04 21:23:58.405  INFO 412 --- [    Test worker] r.SpringCoreFundamentalsApplicationTests : Started SpringCoreFundamentalsApplicationTests in 2.233 seconds (JVM running for 2.898)
]]></system-out>
  <system-err><![CDATA[]]></system-err>
</testsuite>
